#
# A fatal error has been detected by the Java Runtime Environment:
#
#  Internal Error (javaCalls.cpp:51), pid=23739, tid=0x00007f369c774700
#  guarantee(thread->is_Java_thread()) failed: crucial check - the VM thread cannot and must not escape to Java code
#
# JRE version: Java(TM) SE Runtime Environment (8.0_181-b13) (build 1.8.0_181-b13)
# Java VM: Java HotSpot(TM) 64-Bit Server VM (25.181-b13 mixed mode linux-amd64 compressed oops)
# Failed to write core dump. Core dumps have been disabled. To enable core dumping, try "ulimit -c unlimited" before starting Java again
#
# If you would like to submit a bug report, please visit:
#   http://bugreport.java.com/bugreport/crash.jsp
#

---------------  T H R E A D  ---------------

Current thread (0x00007f36b0145000):  VMThread [stack: 0x00007f369c675000,0x00007f369c775000] [id=23750]

Stack: [0x00007f369c675000,0x00007f369c775000],  sp=0x00007f369c7721a0,  free space=1012k
Native frames: (J=compiled Java code, j=interpreted, Vv=VM code, C=native code)
V  [libjvm.so+0xad21aa]  VMError::report_and_die()+0x2ba
V  [libjvm.so+0x501a32]  report_vm_error(char const*, int, char const*, char const*)+0x62
V  [libjvm.so+0x6965d7]  JavaCallWrapper::JavaCallWrapper(methodHandle, Handle, JavaValue*, Thread*)+0x267
V  [libjvm.so+0x6972a4]  JavaCalls::call_helper(JavaValue*, methodHandle*, JavaCallArguments*, Thread*)+0x884
V  [libjvm.so+0x698e31]  JavaCalls::call_special(JavaValue*, KlassHandle, Symbol*, Symbol*, JavaCallArguments*, Thread*)+0x2d1
V  [libjvm.so+0x5855fa]  Exceptions::new_exception(Thread*, Symbol*, Symbol*, JavaCallArguments*, Handle, Handle)+0x17a
V  [libjvm.so+0x5856b2]  Exceptions::new_exception(Thread*, Symbol*, Symbol*, JavaCallArguments*, Handle, Handle, Handle)+0x22
V  [libjvm.so+0x585c61]  Exceptions::new_exception(Thread*, Symbol*, char const*, Handle, Handle, Handle, Exceptions::ExceptionMsgToUtf8Mode)+0x1d1
V  [libjvm.so+0x585cf8]  Exceptions::new_exception(Thread*, Symbol*, char const*, Exceptions::ExceptionMsgToUtf8Mode)+0x18
V  [libjvm.so+0x5f3d6b]  GenerateOopMap::verify_error(char const*, ...)+0x8b
V  [libjvm.so+0x5f4bfe]  GenerateOopMap::ppload(CellTypeState*, int)+0xfe
V  [libjvm.so+0x5fb34b]  GenerateOopMap::interp_bb(BasicBlock*)+0x2fb
V  [libjvm.so+0x5fc21a]  GenerateOopMap::do_interpretation()+0x17a
V  [libjvm.so+0x5fc5cd]  GenerateOopMap::compute_map(Thread*)+0x34d
V  [libjvm.so+0x91fcd4]  OopMapForCacheEntry::compute_map(Thread*)+0xb4
V  [libjvm.so+0x921a92]  OopMapCacheEntry::fill(methodHandle, int)+0x2d2
V  [libjvm.so+0x922244]  OopMapCache::compute_one_oop_map(methodHandle, int, InterpreterOopMap*)+0x124
V  [libjvm.so+0x922bee]  OopMapCache::lookup(methodHandle, int, InterpreterOopMap*) const+0x6de
V  [libjvm.so+0x64ab92]  InstanceKlass::mask_for(methodHandle, int, InterpreterOopMap*)+0x82
V  [libjvm.so+0x8bd3fd]  Method::mask_for(int, InterpreterOopMap*)+0x9d
V  [libjvm.so+0x7affb4]  VM_GetOrSetLocal::doit()+0x54
V  [libjvm.so+0xadb745]  VM_Operation::evaluate()+0x55
V  [libjvm.so+0xad9b0a]  VMThread::evaluate_operation(VM_Operation*)+0xba
V  [libjvm.so+0xad9e8e]  VMThread::loop()+0x1ce
V  [libjvm.so+0xada300]  VMThread::run()+0x70
V  [libjvm.so+0x930198]  java_start(Thread*)+0x108

VM_Operation (0x00007f369c16b810): GetOrSetLocal, mode: safepoint, requested by thread 0x00007f36b018f800


---------------  P R O C E S S  ---------------

Java Threads: ( => current thread )
  0x00007f36b0439000 JavaThread "AWT-EventQueue-0" [_thread_blocked, id=23773, stack(0x00007f368cad2000,0x00007f368cbd3000)]
  0x00007f36b03f0000 JavaThread "AWT-Shutdown" [_thread_blocked, id=23772, stack(0x00007f368d47b000,0x00007f368d57c000)]
  0x00007f36b0394800 JavaThread "AWT-XAWT" daemon [_thread_in_native, id=23771, stack(0x00007f368d77c000,0x00007f368d87d000)]
  0x00007f36b036b800 JavaThread "Java2D Disposer" daemon [_thread_blocked, id=23770, stack(0x00007f368dc8d000,0x00007f368dd8e000)]
  0x00007f36b0256000 JavaThread "Service Thread" daemon [_thread_blocked, id=23767, stack(0x00007f368fbfc000,0x00007f368fcfd000)]
  0x00007f36b024e000 JavaThread "C1 CompilerThread2" daemon [_thread_blocked, id=23766, stack(0x00007f368fcfe000,0x00007f368fdfe000)]
  0x00007f36b0250000 JavaThread "C2 CompilerThread1" daemon [_thread_blocked, id=23765, stack(0x00007f368fdff000,0x00007f368feff000)]
  0x00007f36b02da800 JavaThread "C2 CompilerThread0" daemon [_thread_blocked, id=23764, stack(0x00007f368ff00000,0x00007f3690000000)]
  0x00007f3674001000 JavaThread "JDWP Command Reader" daemon [_thread_in_native, id=23759, stack(0x00007f369405e000,0x00007f369415f000)]
  0x00007f36b0193800 JavaThread "JDWP Event Helper Thread" daemon [_thread_blocked, id=23757, stack(0x00007f369415f000,0x00007f3694260000)]
  0x00007f36b018f800 JavaThread "JDWP Transport Listener: dt_socket" daemon [_thread_blocked, id=23755, stack(0x00007f369c06c000,0x00007f369c16d000)]
  0x00007f36b0183000 JavaThread "Signal Dispatcher" daemon [_thread_blocked, id=23753, stack(0x00007f369c371000,0x00007f369c472000)]
  0x00007f36b0151800 JavaThread "Finalizer" daemon [_thread_blocked, id=23752, stack(0x00007f369c472000,0x00007f369c573000)]
  0x00007f36b014f000 JavaThread "Reference Handler" daemon [_thread_blocked, id=23751, stack(0x00007f369c573000,0x00007f369c674000)]
  0x00007f36b0010000 JavaThread "main" [_thread_blocked, id=23743, stack(0x00007f36b6463000,0x00007f36b6563000)]

Other Threads:
=>0x00007f36b0145000 VMThread [stack: 0x00007f369c675000,0x00007f369c775000] [id=23750]
  0x00007f36b0315800 WatcherThread [stack: 0x00007f368fafc000,0x00007f368fbfc000] [id=23768]

VM state:at safepoint (normal execution)

VM Mutex/Monitor currently owned by a thread:  ([mutex/lock_event])
[0x00007f36b000c4d0] Threads_lock - owner thread: 0x00007f36b0145000

Heap:
 PSYoungGen      total 36864K, used 16358K [0x00000000d6f00000, 0x00000000d9800000, 0x0000000100000000)
  eden space 31744K, 51% used [0x00000000d6f00000,0x00000000d7ef99d0,0x00000000d8e00000)
  from space 5120K, 0% used [0x00000000d9300000,0x00000000d9300000,0x00000000d9800000)
  to   space 5120K, 0% used [0x00000000d8e00000,0x00000000d8e00000,0x00000000d9300000)
 ParOldGen       total 84992K, used 0K [0x0000000084c00000, 0x0000000089f00000, 0x00000000d6f00000)
  object space 84992K, 0% used [0x0000000084c00000,0x0000000084c00000,0x0000000089f00000)
 Metaspace       used 12426K, capacity 12600K, committed 12800K, reserved 1060864K
  class space    used 1396K, capacity 1451K, committed 1536K, reserved 1048576K

Card table byte_map: [0x00007f369ea43000,0x00007f369ee1e000] byte_map_base: 0x00007f369e61d000

Marking Bits: (ParMarkBitMap*) 0x00007f36b58fd0a0
 Begin Bits: [0x00007f3694260000, 0x00007f3696130000)
 End Bits:   [0x00007f3696130000, 0x00007f3698000000)

Polling page: 0x00007f36b657a000

CodeCache: size=245760Kb used=2466Kb max_used=2466Kb free=243293Kb
 bounds [0x00007f369f1de000, 0x00007f369f44e000, 0x00007f36ae1de000]
 total_blobs=1141 nmethods=607 adapters=456
 compilation: enabled

Compilation events (10 events):
Event: 175,246 Thread 0x00007f36b024e000  603       3       org.eclipse.jdt.launching.internal.org.objectweb.asm.MethodWriter::visitInsn (115 bytes)
Event: 175,247 Thread 0x00007f36b024e000 nmethod 603 0x00007f369f446010 code [0x00007f369f4461c0, 0x00007f369f446688]
Event: 189,928 Thread 0x00007f36b024e000  604       3       java.util.Vector$Itr::hasNext (20 bytes)
Event: 189,928 Thread 0x00007f36b024e000 nmethod 604 0x00007f369f446850 code [0x00007f369f4469c0, 0x00007f369f446b70]
Event: 201,046 Thread 0x00007f36b024e000  605       3       javax.swing.JComponent::getWidth (5 bytes)
Event: 201,046 Thread 0x00007f36b024e000 nmethod 605 0x00007f369f446c10 code [0x00007f369f446d80, 0x00007f369f446ef0]
Event: 201,046 Thread 0x00007f36b024e000  606       3       javax.swing.JComponent::getHeight (5 bytes)
Event: 201,046 Thread 0x00007f36b024e000 nmethod 606 0x00007f369f446f90 code [0x00007f369f447100, 0x00007f369f447270]
Event: 201,054 Thread 0x00007f36b024e000  607       1       sun.java2d.SurfaceData::getSurfaceType (5 bytes)
Event: 201,054 Thread 0x00007f36b024e000 nmethod 607 0x00007f369f447310 code [0x00007f369f447460, 0x00007f369f447570]

GC Heap History (0 events):
No events

Deoptimization events (4 events):
Event: 0,754 Thread 0x00007f36b0010000 Uncommon trap: reason=class_check action=maybe_recompile pc=0x00007f369f338820 method=java.lang.String.equals(Ljava/lang/Object;)Z @ 8
Event: 0,755 Thread 0x00007f36b0010000 Uncommon trap: reason=class_check action=maybe_recompile pc=0x00007f369f338820 method=java.lang.String.equals(Ljava/lang/Object;)Z @ 8
Event: 0,757 Thread 0x00007f36b0010000 Uncommon trap: reason=class_check action=maybe_recompile pc=0x00007f369f338820 method=java.lang.String.equals(Ljava/lang/Object;)Z @ 8
Event: 0,757 Thread 0x00007f36b0010000 Uncommon trap: reason=class_check action=maybe_recompile pc=0x00007f369f338820 method=java.lang.String.equals(Ljava/lang/Object;)Z @ 8

Classes redefined (3 events):
Event: 80,447 Thread 0x00007f36b0145000 redefined class name=PrintReclick8, count=1
Event: 131,980 Thread 0x00007f36b0145000 redefined class name=PrintReclick8, count=2
Event: 175,246 Thread 0x00007f36b0145000 redefined class name=PrintReclick8, count=3

Internal exceptions (10 events):
Event: 0,027 Thread 0x00007f36b0010000 Exception <a 'java/lang/NoSuchMethodError': Method sun.misc.Unsafe.prefetchRead(Ljava/lang/Object;J)V name or signature does not match> (0x00000000d6f07f98) thrown at [/HUDSON/workspace/8-2-build-linux-amd64/jdk8u181/11358/hotspot/src/share/vm/prims/jni.c
Event: 0,481 Thread 0x00007f36b0010000 Exception <a 'java/security/PrivilegedActionException'> (0x00000000d7574da8) thrown at [/HUDSON/workspace/8-2-build-linux-amd64/jdk8u181/11358/hotspot/src/share/vm/prims/jvm.cpp, line 1435]
Event: 0,481 Thread 0x00007f36b0010000 Exception <a 'java/security/PrivilegedActionException'> (0x00000000d7574fb8) thrown at [/HUDSON/workspace/8-2-build-linux-amd64/jdk8u181/11358/hotspot/src/share/vm/prims/jvm.cpp, line 1435]
Event: 0,482 Thread 0x00007f36b0010000 Exception <a 'java/security/PrivilegedActionException'> (0x00000000d7577420) thrown at [/HUDSON/workspace/8-2-build-linux-amd64/jdk8u181/11358/hotspot/src/share/vm/prims/jvm.cpp, line 1435]
Event: 0,482 Thread 0x00007f36b0010000 Exception <a 'java/security/PrivilegedActionException'> (0x00000000d7577630) thrown at [/HUDSON/workspace/8-2-build-linux-amd64/jdk8u181/11358/hotspot/src/share/vm/prims/jvm.cpp, line 1435]
Event: 0,527 Thread 0x00007f36b0010000 Exception <a 'java/lang/NoSuchFieldError': method resolution failed> (0x00000000d76ae358) thrown at [/HUDSON/workspace/8-2-build-linux-amd64/jdk8u181/11358/hotspot/src/share/vm/prims/methodHandles.cpp, line 1167]
Event: 0,534 Thread 0x00007f36b0010000 Exception <a 'java/lang/NoSuchFieldError': method resolution failed> (0x00000000d76bc5a0) thrown at [/HUDSON/workspace/8-2-build-linux-amd64/jdk8u181/11358/hotspot/src/share/vm/prims/methodHandles.cpp, line 1167]
Event: 0,560 Thread 0x00007f36b0010000 Exception <a 'java/io/FileNotFoundException'> (0x00000000d7761138) thrown at [/HUDSON/workspace/8-2-build-linux-amd64/jdk8u181/11358/hotspot/src/share/vm/prims/jni.cpp, line 709]
Event: 0,560 Thread 0x00007f36b0010000 Exception <a 'java/io/FileNotFoundException'> (0x00000000d7761ad0) thrown at [/HUDSON/workspace/8-2-build-linux-amd64/jdk8u181/11358/hotspot/src/share/vm/prims/jni.cpp, line 709]
Event: 0,883 Thread 0x00007f36b0439000 Exception <a 'java/lang/UnsupportedOperationException': > (0x00000000d7ea1420) thrown at [/HUDSON/workspace/8-2-build-linux-amd64/jdk8u181/11358/hotspot/src/share/vm/prims/jni.cpp, line 735]

Events (10 events):
Event: 201,056 Executing VM operation: GetCurrentContendedMonitor done
Event: 201,056 Executing VM operation: GetOwnedMonitorInfo
Event: 201,056 Executing VM operation: GetOwnedMonitorInfo done
Event: 201,056 Executing VM operation: GetCurrentContendedMonitor
Event: 201,056 Executing VM operation: GetCurrentContendedMonitor done
Event: 201,057 Executing VM operation: GetCurrentContendedMonitor
Event: 201,057 Executing VM operation: GetCurrentContendedMonitor done
Event: 201,057 Executing VM operation: GetOwnedMonitorInfo
Event: 201,057 Executing VM operation: GetOwnedMonitorInfo done
Event: 201,217 Executing VM operation: GetOrSetLocal


Dynamic libraries:
00400000-00401000 r-xp 00000000 08:01 3279547                            /usr/lib/jvm/java-8-oracle/bin/java
00600000-00601000 rw-p 00000000 08:01 3279547                            /usr/lib/jvm/java-8-oracle/bin/java
017a2000-017c3000 rw-p 00000000 00:00 0                                  [heap]
84c00000-89f00000 rw-p 00000000 00:00 0 
89f00000-d6f00000 ---p 00000000 00:00 0 
d6f00000-d9800000 rw-p 00000000 00:00 0 
d9800000-100000000 ---p 00000000 00:00 0 
100000000-100180000 rw-p 00000000 00:00 0 
100180000-140000000 ---p 00000000 00:00 0 
7f3640000000-7f3640021000 rw-p 00000000 00:00 0 
7f3640021000-7f3644000000 ---p 00000000 00:00 0 
7f3644fff000-7f3648000000 rw-p 00000000 00:00 0 
7f3648000000-7f3648388000 rw-p 00000000 00:00 0 
7f3648388000-7f364c000000 ---p 00000000 00:00 0 
7f364c000000-7f364c021000 rw-p 00000000 00:00 0 
7f364c021000-7f3650000000 ---p 00000000 00:00 0 
7f3650000000-7f3650021000 rw-p 00000000 00:00 0 
7f3650021000-7f3654000000 ---p 00000000 00:00 0 
7f3654000000-7f3654021000 rw-p 00000000 00:00 0 
7f3654021000-7f3658000000 ---p 00000000 00:00 0 
7f3658000000-7f3658150000 rw-p 00000000 00:00 0 
7f3658150000-7f365c000000 ---p 00000000 00:00 0 
7f365c000000-7f365c021000 rw-p 00000000 00:00 0 
7f365c021000-7f3660000000 ---p 00000000 00:00 0 
7f3660000000-7f36601c9000 rw-p 00000000 00:00 0 
7f36601c9000-7f3664000000 ---p 00000000 00:00 0 
7f3664000000-7f36640f3000 rw-p 00000000 00:00 0 
7f36640f3000-7f3668000000 ---p 00000000 00:00 0 
7f3668000000-7f3668021000 rw-p 00000000 00:00 0 
7f3668021000-7f366c000000 ---p 00000000 00:00 0 
7f366c000000-7f366c021000 rw-p 00000000 00:00 0 
7f366c021000-7f3670000000 ---p 00000000 00:00 0 
7f3670000000-7f3670021000 rw-p 00000000 00:00 0 
7f3670021000-7f3674000000 ---p 00000000 00:00 0 
7f3674000000-7f3674024000 rw-p 00000000 00:00 0 
7f3674024000-7f3678000000 ---p 00000000 00:00 0 
7f3678000000-7f3678021000 rw-p 00000000 00:00 0 
7f3678021000-7f367c000000 ---p 00000000 00:00 0 
7f367c000000-7f367c021000 rw-p 00000000 00:00 0 
7f367c021000-7f3680000000 ---p 00000000 00:00 0 
7f3680000000-7f3680021000 rw-p 00000000 00:00 0 
7f3680021000-7f3684000000 ---p 00000000 00:00 0 
7f3684000000-7f3684295000 rw-p 00000000 00:00 0 
7f3684295000-7f3688000000 ---p 00000000 00:00 0 
7f3688000000-7f3688021000 rw-p 00000000 00:00 0 
7f3688021000-7f368c000000 ---p 00000000 00:00 0 
7f368c9dd000-7f368cad2000 rw-s 00000000 00:05 11698202                   /SYSV00000000 (deleted)
7f368cad2000-7f368cad5000 ---p 00000000 00:00 0 
7f368cad5000-7f368cbd3000 rw-p 00000000 00:00 0 
7f368cbd3000-7f368cc3d000 r-xp 00000000 08:01 4987737                    /usr/lib/jvm/java-8-oracle/jre/lib/amd64/libt2k.so
7f368cc3d000-7f368ce3c000 ---p 0006a000 08:01 4987737                    /usr/lib/jvm/java-8-oracle/jre/lib/amd64/libt2k.so
7f368ce3c000-7f368ce43000 rw-p 00069000 08:01 4987737                    /usr/lib/jvm/java-8-oracle/jre/lib/amd64/libt2k.so
7f368ce43000-7f368ce53000 rw-p 00000000 00:00 0 
7f368ce53000-7f368ce64000 r-xp 00000000 08:01 4987778                    /usr/lib/jvm/java-8-oracle/jre/lib/amd64/libnio.so
7f368ce64000-7f368d063000 ---p 00011000 08:01 4987778                    /usr/lib/jvm/java-8-oracle/jre/lib/amd64/libnio.so
7f368d063000-7f368d064000 rw-p 00010000 08:01 4987778                    /usr/lib/jvm/java-8-oracle/jre/lib/amd64/libnio.so
7f368d064000-7f368d164000 rw-p 00000000 00:00 0 
7f368d164000-7f368d264000 ---p 00000000 00:00 0 
7f368d264000-7f368d27a000 r-xp 00000000 08:01 4987775                    /usr/lib/jvm/java-8-oracle/jre/lib/amd64/libnet.so
7f368d27a000-7f368d47a000 ---p 00016000 08:01 4987775                    /usr/lib/jvm/java-8-oracle/jre/lib/amd64/libnet.so
7f368d47a000-7f368d47b000 rw-p 00016000 08:01 4987775                    /usr/lib/jvm/java-8-oracle/jre/lib/amd64/libnet.so
7f368d47b000-7f368d47e000 ---p 00000000 00:00 0 
7f368d47e000-7f368d77c000 rw-p 00000000 00:00 0 
7f368d77c000-7f368d77f000 ---p 00000000 00:00 0 
7f368d77f000-7f368d87d000 rw-p 00000000 00:00 0 
7f368d87d000-7f368d882000 r-xp 00000000 08:01 3284800                    /usr/lib/x86_64-linux-gnu/libXfixes.so.3.1.0
7f368d882000-7f368da81000 ---p 00005000 08:01 3284800                    /usr/lib/x86_64-linux-gnu/libXfixes.so.3.1.0
7f368da81000-7f368da82000 r--p 00004000 08:01 3284800                    /usr/lib/x86_64-linux-gnu/libXfixes.so.3.1.0
7f368da82000-7f368da83000 rw-p 00005000 08:01 3284800                    /usr/lib/x86_64-linux-gnu/libXfixes.so.3.1.0
7f368da83000-7f368da8c000 r-xp 00000000 08:01 3284792                    /usr/lib/x86_64-linux-gnu/libXcursor.so.1.0.2
7f368da8c000-7f368dc8b000 ---p 00009000 08:01 3284792                    /usr/lib/x86_64-linux-gnu/libXcursor.so.1.0.2
7f368dc8b000-7f368dc8c000 r--p 00008000 08:01 3284792                    /usr/lib/x86_64-linux-gnu/libXcursor.so.1.0.2
7f368dc8c000-7f368dc8d000 rw-p 00009000 08:01 3284792                    /usr/lib/x86_64-linux-gnu/libXcursor.so.1.0.2
7f368dc8d000-7f368dc90000 ---p 00000000 00:00 0 
7f368dc90000-7f368dd8e000 rw-p 00000000 00:00 0 
7f368dd8e000-7f368dda5000 r-xp 00000000 08:01 3674811                    /lib/x86_64-linux-gnu/libgcc_s.so.1
7f368dda5000-7f368dfa4000 ---p 00017000 08:01 3674811                    /lib/x86_64-linux-gnu/libgcc_s.so.1
7f368dfa4000-7f368dfa5000 r--p 00016000 08:01 3674811                    /lib/x86_64-linux-gnu/libgcc_s.so.1
7f368dfa5000-7f368dfa6000 rw-p 00017000 08:01 3674811                    /lib/x86_64-linux-gnu/libgcc_s.so.1
7f368dfa6000-7f368e00b000 r-xp 00000000 08:01 4987755                    /usr/lib/jvm/java-8-oracle/jre/lib/amd64/libfontmanager.so
7f368e00b000-7f368e20a000 ---p 00065000 08:01 4987755                    /usr/lib/jvm/java-8-oracle/jre/lib/amd64/libfontmanager.so
7f368e20a000-7f368e20f000 rw-p 00064000 08:01 4987755                    /usr/lib/jvm/java-8-oracle/jre/lib/amd64/libfontmanager.so
7f368e20f000-7f368e21f000 rw-p 00000000 00:00 0 
7f368e21f000-7f368e232000 r-xp 00000000 08:01 3674770                    /lib/x86_64-linux-gnu/libbsd.so.0.8.7
7f368e232000-7f368e431000 ---p 00013000 08:01 3674770                    /lib/x86_64-linux-gnu/libbsd.so.0.8.7
7f368e431000-7f368e432000 r--p 00012000 08:01 3674770                    /lib/x86_64-linux-gnu/libbsd.so.0.8.7
7f368e432000-7f368e433000 rw-p 00013000 08:01 3674770                    /lib/x86_64-linux-gnu/libbsd.so.0.8.7
7f368e433000-7f368e434000 rw-p 00000000 00:00 0 
7f368e434000-7f368e439000 r-xp 00000000 08:01 3284796                    /usr/lib/x86_64-linux-gnu/libXdmcp.so.6.0.0
7f368e439000-7f368e638000 ---p 00005000 08:01 3284796                    /usr/lib/x86_64-linux-gnu/libXdmcp.so.6.0.0
7f368e638000-7f368e639000 r--p 00004000 08:01 3284796                    /usr/lib/x86_64-linux-gnu/libXdmcp.so.6.0.0
7f368e639000-7f368e63a000 rw-p 00005000 08:01 3284796                    /usr/lib/x86_64-linux-gnu/libXdmcp.so.6.0.0
7f368e63a000-7f368e63c000 r-xp 00000000 08:01 3284785                    /usr/lib/x86_64-linux-gnu/libXau.so.6.0.0
7f368e63c000-7f368e83c000 ---p 00002000 08:01 3284785                    /usr/lib/x86_64-linux-gnu/libXau.so.6.0.0
7f368e83c000-7f368e83d000 r--p 00002000 08:01 3284785                    /usr/lib/x86_64-linux-gnu/libXau.so.6.0.0
7f368e83d000-7f368e83e000 rw-p 00003000 08:01 3284785                    /usr/lib/x86_64-linux-gnu/libXau.so.6.0.0
7f368e83e000-7f368e864000 r-xp 00000000 08:01 3285989                    /usr/lib/x86_64-linux-gnu/libxcb.so.1.1.0
7f368e864000-7f368ea64000 ---p 00026000 08:01 3285989                    /usr/lib/x86_64-linux-gnu/libxcb.so.1.1.0
7f368ea64000-7f368ea65000 r--p 00026000 08:01 3285989                    /usr/lib/x86_64-linux-gnu/libxcb.so.1.1.0
7f368ea65000-7f368ea66000 rw-p 00027000 08:01 3285989                    /usr/lib/x86_64-linux-gnu/libxcb.so.1.1.0
7f368ea66000-7f368ea75000 r-xp 00000000 08:01 3284806                    /usr/lib/x86_64-linux-gnu/libXi.so.6.1.0
7f368ea75000-7f368ec74000 ---p 0000f000 08:01 3284806                    /usr/lib/x86_64-linux-gnu/libXi.so.6.1.0
7f368ec74000-7f368ec75000 r--p 0000e000 08:01 3284806                    /usr/lib/x86_64-linux-gnu/libXi.so.6.1.0
7f368ec75000-7f368ec76000 rw-p 0000f000 08:01 3284806                    /usr/lib/x86_64-linux-gnu/libXi.so.6.1.0
7f368ec76000-7f368ec7b000 r-xp 00000000 08:01 3284824                    /usr/lib/x86_64-linux-gnu/libXtst.so.6.1.0
7f368ec7b000-7f368ee7a000 ---p 00005000 08:01 3284824                    /usr/lib/x86_64-linux-gnu/libXtst.so.6.1.0
7f368ee7a000-7f368ee7b000 r--p 00004000 08:01 3284824                    /usr/lib/x86_64-linux-gnu/libXtst.so.6.1.0
7f368ee7b000-7f368ee7c000 rw-p 00005000 08:01 3284824                    /usr/lib/x86_64-linux-gnu/libXtst.so.6.1.0
7f368ee7c000-7f368ee85000 r-xp 00000000 08:01 3284818                    /usr/lib/x86_64-linux-gnu/libXrender.so.1.3.0
7f368ee85000-7f368f084000 ---p 00009000 08:01 3284818                    /usr/lib/x86_64-linux-gnu/libXrender.so.1.3.0
7f368f084000-7f368f085000 r--p 00008000 08:01 3284818                    /usr/lib/x86_64-linux-gnu/libXrender.so.1.3.0
7f368f085000-7f368f086000 rw-p 00009000 08:01 3284818                    /usr/lib/x86_64-linux-gnu/libXrender.so.1.3.0
7f368f086000-7f368f1b9000 r-xp 00000000 08:01 3277683                    /usr/lib/x86_64-linux-gnu/libX11.so.6.3.0
7f368f1b9000-7f368f3b9000 ---p 00133000 08:01 3277683                    /usr/lib/x86_64-linux-gnu/libX11.so.6.3.0
7f368f3b9000-7f368f3ba000 r--p 00133000 08:01 3277683                    /usr/lib/x86_64-linux-gnu/libX11.so.6.3.0
7f368f3ba000-7f368f3be000 rw-p 00134000 08:01 3277683                    /usr/lib/x86_64-linux-gnu/libX11.so.6.3.0
7f368f3be000-7f368f3cf000 r-xp 00000000 08:01 3284798                    /usr/lib/x86_64-linux-gnu/libXext.so.6.4.0
7f368f3cf000-7f368f5ce000 ---p 00011000 08:01 3284798                    /usr/lib/x86_64-linux-gnu/libXext.so.6.4.0
7f368f5ce000-7f368f5cf000 r--p 00010000 08:01 3284798                    /usr/lib/x86_64-linux-gnu/libXext.so.6.4.0
7f368f5cf000-7f368f5d0000 rw-p 00011000 08:01 3284798                    /usr/lib/x86_64-linux-gnu/libXext.so.6.4.0
7f368f5d0000-7f368f624000 r-xp 00000000 08:01 4987782                    /usr/lib/jvm/java-8-oracle/jre/lib/amd64/libawt_xawt.so
7f368f624000-7f368f824000 ---p 00054000 08:01 4987782                    /usr/lib/jvm/java-8-oracle/jre/lib/amd64/libawt_xawt.so
7f368f824000-7f368f828000 rw-p 00054000 08:01 4987782                    /usr/lib/jvm/java-8-oracle/jre/lib/amd64/libawt_xawt.so
7f368f828000-7f368f829000 rw-p 00000000 00:00 0 
7f368f829000-7f368f8cb000 r-xp 00000000 08:01 4987768                    /usr/lib/jvm/java-8-oracle/jre/lib/amd64/libawt.so
7f368f8cb000-7f368facb000 ---p 000a2000 08:01 4987768                    /usr/lib/jvm/java-8-oracle/jre/lib/amd64/libawt.so
7f368facb000-7f368fad7000 rw-p 000a2000 08:01 4987768                    /usr/lib/jvm/java-8-oracle/jre/lib/amd64/libawt.so
7f368fad7000-7f368fafb000 rw-p 00000000 00:00 0 
7f368fafb000-7f368fafc000 ---p 00000000 00:00 0 
7f368fafc000-7f368fbfc000 rw-p 00000000 00:00 0 
7f368fbfc000-7f368fbff000 ---p 00000000 00:00 0 
7f368fbff000-7f368fcfd000 rw-p 00000000 00:00 0 
7f368fcfd000-7f368fcfe000 ---p 00000000 00:00 0 
7f368fcfe000-7f368fd01000 ---p 00000000 00:00 0 
7f368fd01000-7f368fdfe000 rw-p 00000000 00:00 0 
7f368fdfe000-7f368fdff000 ---p 00000000 00:00 0 
7f368fdff000-7f368fe02000 ---p 00000000 00:00 0 
7f368fe02000-7f368feff000 rw-p 00000000 00:00 0 
7f368feff000-7f368ff00000 ---p 00000000 00:00 0 
7f368ff00000-7f368ff03000 ---p 00000000 00:00 0 
7f368ff03000-7f3690000000 rw-p 00000000 00:00 0 
7f3690000000-7f3690021000 rw-p 00000000 00:00 0 
7f3690021000-7f3694000000 ---p 00000000 00:00 0 
7f369405e000-7f3694061000 ---p 00000000 00:00 0 
7f3694061000-7f369415f000 rw-p 00000000 00:00 0 
7f369415f000-7f3694162000 ---p 00000000 00:00 0 
7f3694162000-7f3698000000 rw-p 00000000 00:00 0 
7f3698000000-7f3698021000 rw-p 00000000 00:00 0 
7f3698021000-7f369c000000 ---p 00000000 00:00 0 
7f369c06c000-7f369c06f000 ---p 00000000 00:00 0 
7f369c06f000-7f369c16d000 rw-p 00000000 00:00 0 
7f369c16d000-7f369c171000 r-xp 00000000 08:01 4987738                    /usr/lib/jvm/java-8-oracle/jre/lib/amd64/libdt_socket.so
7f369c171000-7f369c370000 ---p 00004000 08:01 4987738                    /usr/lib/jvm/java-8-oracle/jre/lib/amd64/libdt_socket.so
7f369c370000-7f369c371000 rw-p 00003000 08:01 4987738                    /usr/lib/jvm/java-8-oracle/jre/lib/amd64/libdt_socket.so
7f369c371000-7f369c374000 ---p 00000000 00:00 0 
7f369c374000-7f369c472000 rw-p 00000000 00:00 0 
7f369c472000-7f369c475000 ---p 00000000 00:00 0 
7f369c475000-7f369c573000 rw-p 00000000 00:00 0 
7f369c573000-7f369c576000 ---p 00000000 00:00 0 
7f369c576000-7f369c674000 rw-p 00000000 00:00 0 
7f369c674000-7f369c675000 ---p 00000000 00:00 0 
7f369c675000-7f369d684000 rw-p 00000000 00:00 0 
7f369d684000-7f369d85e000 r--s 03d6b000 08:01 3807516                    /usr/lib/jvm/java-8-oracle/jre/lib/rt.jar
7f369d85e000-7f369e4ae000 rw-p 00000000 00:00 0 
7f369e4ae000-7f369e4af000 ---p 00000000 00:00 0 
7f369e4af000-7f369e5af000 rw-p 00000000 00:00 0 
7f369e5af000-7f369e5b0000 ---p 00000000 00:00 0 
7f369e5b0000-7f369e6b0000 rw-p 00000000 00:00 0 
7f369e6b0000-7f369e6b1000 ---p 00000000 00:00 0 
7f369e6b1000-7f369e7db000 rw-p 00000000 00:00 0 
7f369e7db000-7f369ea43000 ---p 00000000 00:00 0 
7f369ea43000-7f369ea6d000 rw-p 00000000 00:00 0 
7f369ea6d000-7f369ecd4000 ---p 00000000 00:00 0 
7f369ecd4000-7f369ece9000 rw-p 00000000 00:00 0 
7f369ece9000-7f369ee1d000 ---p 00000000 00:00 0 
7f369ee1d000-7f369ee28000 rw-p 00000000 00:00 0 
7f369ee28000-7f369f1de000 ---p 00000000 00:00 0 
7f369f1de000-7f369f44e000 rwxp 00000000 00:00 0 
7f369f44e000-7f36ae1de000 ---p 00000000 00:00 0 
7f36ae1de000-7f36ae1f9000 r-xp 00000000 08:01 4987771                    /usr/lib/jvm/java-8-oracle/jre/lib/amd64/libzip.so
7f36ae1f9000-7f36ae3f9000 ---p 0001b000 08:01 4987771                    /usr/lib/jvm/java-8-oracle/jre/lib/amd64/libzip.so
7f36ae3f9000-7f36ae3fa000 rw-p 0001b000 08:01 4987771                    /usr/lib/jvm/java-8-oracle/jre/lib/amd64/libzip.so
7f36ae3fa000-7f36ae405000 r-xp 00000000 08:01 3674864                    /lib/x86_64-linux-gnu/libnss_files-2.27.so
7f36ae405000-7f36ae604000 ---p 0000b000 08:01 3674864                    /lib/x86_64-linux-gnu/libnss_files-2.27.so
7f36ae604000-7f36ae605000 r--p 0000a000 08:01 3674864                    /lib/x86_64-linux-gnu/libnss_files-2.27.so
7f36ae605000-7f36ae606000 rw-p 0000b000 08:01 3674864                    /lib/x86_64-linux-gnu/libnss_files-2.27.so
7f36ae606000-7f36ae60c000 rw-p 00000000 00:00 0 
7f36ae60c000-7f36ae623000 r-xp 00000000 08:01 3674858                    /lib/x86_64-linux-gnu/libnsl-2.27.so
7f36ae623000-7f36ae822000 ---p 00017000 08:01 3674858                    /lib/x86_64-linux-gnu/libnsl-2.27.so
7f36ae822000-7f36ae823000 r--p 00016000 08:01 3674858                    /lib/x86_64-linux-gnu/libnsl-2.27.so
7f36ae823000-7f36ae824000 rw-p 00017000 08:01 3674858                    /lib/x86_64-linux-gnu/libnsl-2.27.so
7f36ae824000-7f36ae826000 rw-p 00000000 00:00 0 
7f36ae826000-7f36ae831000 r-xp 00000000 08:01 3674875                    /lib/x86_64-linux-gnu/libnss_nis-2.27.so
7f36ae831000-7f36aea30000 ---p 0000b000 08:01 3674875                    /lib/x86_64-linux-gnu/libnss_nis-2.27.so
7f36aea30000-7f36aea31000 r--p 0000a000 08:01 3674875                    /lib/x86_64-linux-gnu/libnss_nis-2.27.so
7f36aea31000-7f36aea32000 rw-p 0000b000 08:01 3674875                    /lib/x86_64-linux-gnu/libnss_nis-2.27.so
7f36aea32000-7f36aea3a000 r-xp 00000000 08:01 3674860                    /lib/x86_64-linux-gnu/libnss_compat-2.27.so
7f36aea3a000-7f36aec3a000 ---p 00008000 08:01 3674860                    /lib/x86_64-linux-gnu/libnss_compat-2.27.so
7f36aec3a000-7f36aec3b000 r--p 00008000 08:01 3674860                    /lib/x86_64-linux-gnu/libnss_compat-2.27.so
7f36aec3b000-7f36aec3c000 rw-p 00009000 08:01 3674860                    /lib/x86_64-linux-gnu/libnss_compat-2.27.so
7f36aec3c000-7f36aec46000 r-xp 00000000 08:01 4987780                    /usr/lib/jvm/java-8-oracle/jre/lib/amd64/libinstrument.so
7f36aec46000-7f36aee45000 ---p 0000a000 08:01 4987780                    /usr/lib/jvm/java-8-oracle/jre/lib/amd64/libinstrument.so
7f36aee45000-7f36aee46000 rw-p 00009000 08:01 4987780                    /usr/lib/jvm/java-8-oracle/jre/lib/amd64/libinstrument.so
7f36aee46000-7f36af996000 r--p 00000000 08:01 3283652                    /usr/lib/locale/locale-archive
7f36af996000-7f36af998000 r-xp 00000000 08:01 4987740                    /usr/lib/jvm/java-8-oracle/jre/lib/amd64/libnpt.so
7f36af998000-7f36afb98000 ---p 00002000 08:01 4987740                    /usr/lib/jvm/java-8-oracle/jre/lib/amd64/libnpt.so
7f36afb98000-7f36afb99000 rw-p 00002000 08:01 4987740                    /usr/lib/jvm/java-8-oracle/jre/lib/amd64/libnpt.so
7f36afb99000-7f36afbd3000 r-xp 00000000 08:01 4987758                    /usr/lib/jvm/java-8-oracle/jre/lib/amd64/libjdwp.so
7f36afbd3000-7f36afdd2000 ---p 0003a000 08:01 4987758                    /usr/lib/jvm/java-8-oracle/jre/lib/amd64/libjdwp.so
7f36afdd2000-7f36afdd3000 rw-p 00039000 08:01 4987758                    /usr/lib/jvm/java-8-oracle/jre/lib/amd64/libjdwp.so
7f36afdd3000-7f36afdd4000 rw-p 00000000 00:00 0 
7f36afdd4000-7f36afdff000 r-xp 00000000 08:01 4987765                    /usr/lib/jvm/java-8-oracle/jre/lib/amd64/libjava.so
7f36afdff000-7f36afffe000 ---p 0002b000 08:01 4987765                    /usr/lib/jvm/java-8-oracle/jre/lib/amd64/libjava.so
7f36afffe000-7f36b0000000 rw-p 0002a000 08:01 4987765                    /usr/lib/jvm/java-8-oracle/jre/lib/amd64/libjava.so
7f36b0000000-7f36b05c8000 rw-p 00000000 00:00 0 
7f36b05c8000-7f36b4000000 ---p 00000000 00:00 0 
7f36b4061000-7f36b4064000 r--s 0001a000 08:01 3807530                    /usr/lib/jvm/java-8-oracle/jre/lib/jce.jar
7f36b4064000-7f36b4069000 r--s 0009d000 08:01 3807524                    /usr/lib/jvm/java-8-oracle/jre/lib/jsse.jar
7f36b4069000-7f36b406e000 r--s 00084000 08:01 3807450                    /usr/lib/jvm/java-8-oracle/jre/lib/jfr.jar
7f36b406e000-7f36b4073000 r--s 002f9000 08:01 3807514                    /usr/lib/jvm/java-8-oracle/jre/lib/charsets.jar
7f36b4073000-7f36b4074000 ---p 00000000 00:00 0 
7f36b4074000-7f36b4174000 rw-p 00000000 00:00 0 
7f36b4174000-7f36b4181000 r-xp 00000000 08:01 4987770                    /usr/lib/jvm/java-8-oracle/jre/lib/amd64/libverify.so
7f36b4181000-7f36b4381000 ---p 0000d000 08:01 4987770                    /usr/lib/jvm/java-8-oracle/jre/lib/amd64/libverify.so
7f36b4381000-7f36b4383000 rw-p 0000d000 08:01 4987770                    /usr/lib/jvm/java-8-oracle/jre/lib/amd64/libverify.so
7f36b4383000-7f36b438a000 r-xp 00000000 08:01 3674915                    /lib/x86_64-linux-gnu/librt-2.27.so
7f36b438a000-7f36b4589000 ---p 00007000 08:01 3674915                    /lib/x86_64-linux-gnu/librt-2.27.so
7f36b4589000-7f36b458a000 r--p 00006000 08:01 3674915                    /lib/x86_64-linux-gnu/librt-2.27.so
7f36b458a000-7f36b458b000 rw-p 00007000 08:01 3674915                    /lib/x86_64-linux-gnu/librt-2.27.so
7f36b458b000-7f36b4728000 r-xp 00000000 08:01 3674837                    /lib/x86_64-linux-gnu/libm-2.27.so
7f36b4728000-7f36b4927000 ---p 0019d000 08:01 3674837                    /lib/x86_64-linux-gnu/libm-2.27.so
7f36b4927000-7f36b4928000 r--p 0019c000 08:01 3674837                    /lib/x86_64-linux-gnu/libm-2.27.so
7f36b4928000-7f36b4929000 rw-p 0019d000 08:01 3674837                    /lib/x86_64-linux-gnu/libm-2.27.so
7f36b4929000-7f36b5605000 r-xp 00000000 08:01 4987747                    /usr/lib/jvm/java-8-oracle/jre/lib/amd64/server/libjvm.so
7f36b5605000-7f36b5805000 ---p 00cdc000 08:01 4987747                    /usr/lib/jvm/java-8-oracle/jre/lib/amd64/server/libjvm.so
7f36b5805000-7f36b58df000 rw-p 00cdc000 08:01 4987747                    /usr/lib/jvm/java-8-oracle/jre/lib/amd64/server/libjvm.so
7f36b58df000-7f36b592a000 rw-p 00000000 00:00 0 
7f36b592a000-7f36b5b11000 r-xp 00000000 08:01 3674774                    /lib/x86_64-linux-gnu/libc-2.27.so
7f36b5b11000-7f36b5d11000 ---p 001e7000 08:01 3674774                    /lib/x86_64-linux-gnu/libc-2.27.so
7f36b5d11000-7f36b5d15000 r--p 001e7000 08:01 3674774                    /lib/x86_64-linux-gnu/libc-2.27.so
7f36b5d15000-7f36b5d17000 rw-p 001eb000 08:01 3674774                    /lib/x86_64-linux-gnu/libc-2.27.so
7f36b5d17000-7f36b5d1b000 rw-p 00000000 00:00 0 
7f36b5d1b000-7f36b5d1e000 r-xp 00000000 08:01 3674797                    /lib/x86_64-linux-gnu/libdl-2.27.so
7f36b5d1e000-7f36b5f1d000 ---p 00003000 08:01 3674797                    /lib/x86_64-linux-gnu/libdl-2.27.so
7f36b5f1d000-7f36b5f1e000 r--p 00002000 08:01 3674797                    /lib/x86_64-linux-gnu/libdl-2.27.so
7f36b5f1e000-7f36b5f1f000 rw-p 00003000 08:01 3674797                    /lib/x86_64-linux-gnu/libdl-2.27.so
7f36b5f1f000-7f36b5f35000 r-xp 00000000 08:01 3415660                    /usr/lib/jvm/java-8-oracle/lib/amd64/jli/libjli.so
7f36b5f35000-7f36b6134000 ---p 00016000 08:01 3415660                    /usr/lib/jvm/java-8-oracle/lib/amd64/jli/libjli.so
7f36b6134000-7f36b6135000 rw-p 00015000 08:01 3415660                    /usr/lib/jvm/java-8-oracle/lib/amd64/jli/libjli.so
7f36b6135000-7f36b614f000 r-xp 00000000 08:01 3674907                    /lib/x86_64-linux-gnu/libpthread-2.27.so
7f36b614f000-7f36b634e000 ---p 0001a000 08:01 3674907                    /lib/x86_64-linux-gnu/libpthread-2.27.so
7f36b634e000-7f36b634f000 r--p 00019000 08:01 3674907                    /lib/x86_64-linux-gnu/libpthread-2.27.so
7f36b634f000-7f36b6350000 rw-p 0001a000 08:01 3674907                    /lib/x86_64-linux-gnu/libpthread-2.27.so
7f36b6350000-7f36b6354000 rw-p 00000000 00:00 0 
7f36b6354000-7f36b637b000 r-xp 00000000 08:01 3674746                    /lib/x86_64-linux-gnu/ld-2.27.so
7f36b637b000-7f36b637e000 r--s 0001d000 08:01 6687564                    /home/ali/eclipse/java-photon/eclipse/configuration/org.eclipse.osgi/232/0/.cp/lib/javaagent-shaded.jar
7f36b637e000-7f36b6391000 r--s 00345000 08:01 3807520                    /usr/lib/jvm/java-8-oracle/jre/lib/resources.jar
7f36b6391000-7f36b6462000 rw-p 00000000 00:00 0 
7f36b6462000-7f36b6463000 ---p 00000000 00:00 0 
7f36b6463000-7f36b6466000 ---p 00000000 00:00 0 
7f36b6466000-7f36b6567000 rw-p 00000000 00:00 0 
7f36b6567000-7f36b6569000 r--s 00009000 08:01 4597954                    /home/ali/eclipse-workspace/edaa20-workspace/cs_pt/cs_pt.jar
7f36b6569000-7f36b656c000 r--s 0001a000 08:01 3807530                    /usr/lib/jvm/java-8-oracle/jre/lib/jce.jar
7f36b656c000-7f36b6571000 r--s 0009d000 08:01 3807524                    /usr/lib/jvm/java-8-oracle/jre/lib/jsse.jar
7f36b6571000-7f36b6579000 rw-s 00000000 08:01 3015331                    /tmp/hsperfdata_ali/23739
7f36b6579000-7f36b657a000 rw-p 00000000 00:00 0 
7f36b657a000-7f36b657b000 ---p 00000000 00:00 0 
7f36b657b000-7f36b657c000 r--p 00027000 08:01 3674746                    /lib/x86_64-linux-gnu/ld-2.27.so
7f36b657c000-7f36b657d000 rw-p 00028000 08:01 3674746                    /lib/x86_64-linux-gnu/ld-2.27.so
7f36b657d000-7f36b657e000 rw-p 00000000 00:00 0 
7ffeabb7a000-7ffeabb9b000 rw-p 00000000 00:00 0                          [stack]
7ffeabbd1000-7ffeabbd4000 r--p 00000000 00:00 0                          [vvar]
7ffeabbd4000-7ffeabbd6000 r-xp 00000000 00:00 0                          [vdso]
ffffffffff600000-ffffffffff601000 r-xp 00000000 00:00 0                  [vsyscall]

VM Arguments:
jvm_args: -agentlib:jdwp=transport=dt_socket,suspend=y,address=localhost:33367 -javaagent:/home/ali/eclipse/java-photon/eclipse/configuration/org.eclipse.osgi/232/0/.cp/lib/javaagent-shaded.jar -Dfile.encoding=UTF-8 
java_command: PrintReclick8
java_class_path (initial): /usr/lib/jvm/java-8-oracle/jre/lib/resources.jar:/usr/lib/jvm/java-8-oracle/jre/lib/rt.jar:/usr/lib/jvm/java-8-oracle/jre/lib/jsse.jar:/usr/lib/jvm/java-8-oracle/jre/lib/jce.jar:/usr/lib/jvm/java-8-oracle/jre/lib/charsets.jar:/usr/lib/jvm/java-8-oracle/jre/lib/jfr.jar:/usr/lib/jvm/java-8-oracle/jre/lib/ext/nashorn.jar:/usr/lib/jvm/java-8-oracle/jre/lib/ext/cldrdata.jar:/usr/lib/jvm/java-8-oracle/jre/lib/ext/sunjce_provider.jar:/usr/lib/jvm/java-8-oracle/jre/lib/ext/localedata.jar:/usr/lib/jvm/java-8-oracle/jre/lib/ext/jfxrt.jar:/usr/lib/jvm/java-8-oracle/jre/lib/ext/sunec.jar:/usr/lib/jvm/java-8-oracle/jre/lib/ext/dnsns.jar:/usr/lib/jvm/java-8-oracle/jre/lib/ext/sunpkcs11.jar:/usr/lib/jvm/java-8-oracle/jre/lib/ext/zipfs.jar:/usr/lib/jvm/java-8-oracle/jre/lib/ext/jaccess.jar:/home/ali/eclipse-workspace/edaa20-workspace/Lab04/bin:/home/ali/eclipse-workspace/edaa20-workspace/cs_pt/cs_pt.jar:/home/ali/eclipse/java-photon/eclipse/configuration/org.eclipse.osgi/232/0/.cp/lib/javaagent-shaded.jar
Launcher Type: SUN_STANDARD

Environment Variables:
JAVA_HOME=/usr/lib/jvm/java-8-oracle
PATH=/usr/local/sbin:/usr/local/bin:/usr/sbin:/usr/bin:/sbin:/bin:/usr/games:/usr/local/games:/snap/bin:/usr/lib/jvm/java-8-oracle/bin:/usr/lib/jvm/java-8-oracle/db/bin:/usr/lib/jvm/java-8-oracle/jre/bin
USERNAME=ali
SHELL=/bin/bash
DISPLAY=:0

Signal Handlers:
SIGSEGV: [libjvm.so+0xad2a40], sa_mask[0]=11111111011111111101111111111110, sa_flags=SA_RESTART|SA_SIGINFO
SIGBUS: [libjvm.so+0xad2a40], sa_mask[0]=11111111011111111101111111111110, sa_flags=SA_RESTART|SA_SIGINFO
SIGFPE: [libjvm.so+0x92a610], sa_mask[0]=11111111011111111101111111111110, sa_flags=SA_RESTART|SA_SIGINFO
SIGPIPE: [libjvm.so+0x92a610], sa_mask[0]=11111111011111111101111111111110, sa_flags=SA_RESTART|SA_SIGINFO
SIGXFSZ: [libjvm.so+0x92a610], sa_mask[0]=11111111011111111101111111111110, sa_flags=SA_RESTART|SA_SIGINFO
SIGILL: [libjvm.so+0x92a610], sa_mask[0]=11111111011111111101111111111110, sa_flags=SA_RESTART|SA_SIGINFO
SIGUSR1: SIG_DFL, sa_mask[0]=00000000000000000000000000000000, sa_flags=none
SIGUSR2: [libjvm.so+0x92be70], sa_mask[0]=00100000000000000000000000000000, sa_flags=SA_RESTART|SA_SIGINFO
SIGHUP: [libjvm.so+0x92d270], sa_mask[0]=11111111011111111101111111111110, sa_flags=SA_RESTART|SA_SIGINFO
SIGINT: [libjvm.so+0x92d270], sa_mask[0]=11111111011111111101111111111110, sa_flags=SA_RESTART|SA_SIGINFO
SIGTERM: [libjvm.so+0x92d270], sa_mask[0]=11111111011111111101111111111110, sa_flags=SA_RESTART|SA_SIGINFO
SIGQUIT: [libjvm.so+0x92d270], sa_mask[0]=11111111011111111101111111111110, sa_flags=SA_RESTART|SA_SIGINFO


---------------  S Y S T E M  ---------------

OS:DISTRIB_ID=Ubuntu
DISTRIB_RELEASE=18.04
DISTRIB_CODENAME=bionic
DISTRIB_DESCRIPTION="Ubuntu 18.04.1 LTS"

uname:Linux 4.15.0-34-generic #37-Ubuntu SMP Mon Aug 27 15:21:48 UTC 2018 x86_64
libc:glibc 2.27 NPTL 2.27 
rlimit: STACK 8192k, CORE 0k, NPROC 31295, NOFILE 1048576, AS infinity
load average:0,67 0,57 0,53

/proc/meminfo:
MemTotal:        8072144 kB
MemFree:          627012 kB
MemAvailable:    2774132 kB
Buffers:          216044 kB
Cached:          2772616 kB
SwapCached:            0 kB
Active:          5146520 kB
Inactive:        1834032 kB
Active(anon):    3997560 kB
Inactive(anon):   740844 kB
Active(file):    1148960 kB
Inactive(file):  1093188 kB
Unevictable:         856 kB
Mlocked:             856 kB
SwapTotal:       2097148 kB
SwapFree:        2097148 kB
Dirty:               420 kB
Writeback:             0 kB
AnonPages:       3992824 kB
Mapped:           864788 kB
Shmem:            753564 kB
Slab:             280816 kB
SReclaimable:     208668 kB
SUnreclaim:        72148 kB
KernelStack:       20144 kB
PageTables:        87932 kB
NFS_Unstable:          0 kB
Bounce:                0 kB
WritebackTmp:          0 kB
CommitLimit:     6133220 kB
Committed_AS:   15683448 kB
VmallocTotal:   34359738367 kB
VmallocUsed:           0 kB
VmallocChunk:          0 kB
HardwareCorrupted:     0 kB
AnonHugePages:         0 kB
ShmemHugePages:        0 kB
ShmemPmdMapped:        0 kB
CmaTotal:              0 kB
CmaFree:               0 kB
HugePages_Total:       0
HugePages_Free:        0
HugePages_Rsvd:        0
HugePages_Surp:        0
Hugepagesize:       2048 kB
DirectMap4k:      311216 kB
DirectMap2M:     7981056 kB
DirectMap1G:     1048576 kB


CPU:total 4 (initial active 4) (2 cores per cpu, 2 threads per core) family 6 model 69 stepping 1, cmov, cx8, fxsr, mmx, sse, sse2, sse3, ssse3, sse4.1, sse4.2, popcnt, avx, avx2, aes, clmul, erms, lzcnt, ht, tsc, tscinvbit, bmi1, bmi2

/proc/cpuinfo:
processor	: 0
vendor_id	: GenuineIntel
cpu family	: 6
model		: 69
model name	: Intel(R) Core(TM) i5-4300U CPU @ 1.90GHz
stepping	: 1
microcode	: 0x24
cpu MHz		: 2509.318
cache size	: 3072 KB
physical id	: 0
siblings	: 4
core id		: 0
cpu cores	: 2
apicid		: 0
initial apicid	: 0
fpu		: yes
fpu_exception	: yes
cpuid level	: 13
wp		: yes
flags		: fpu vme de pse tsc msr pae mce cx8 apic sep mtrr pge mca cmov pat pse36 clflush dts acpi mmx fxsr sse sse2 ss ht tm pbe syscall nx pdpe1gb rdtscp lm constant_tsc arch_perfmon pebs bts rep_good nopl xtopology nonstop_tsc cpuid aperfmperf pni pclmulqdq dtes64 monitor ds_cpl vmx smx est tm2 ssse3 sdbg fma cx16 xtpr pdcm pcid sse4_1 sse4_2 x2apic movbe popcnt tsc_deadline_timer aes xsave avx f16c rdrand lahf_lm abm cpuid_fault epb invpcid_single pti ssbd ibrs ibpb stibp tpr_shadow vnmi flexpriority ept vpid fsgsbase tsc_adjust bmi1 avx2 smep bmi2 erms invpcid xsaveopt dtherm ida arat pln pts flush_l1d
bugs		: cpu_meltdown spectre_v1 spectre_v2 spec_store_bypass l1tf
bogomips	: 4988.10
clflush size	: 64
cache_alignment	: 64
address sizes	: 39 bits physical, 48 bits virtual
power management:

processor	: 1
vendor_id	: GenuineIntel
cpu family	: 6
model		: 69
model name	: Intel(R) Core(TM) i5-4300U CPU @ 1.90GHz
stepping	: 1
microcode	: 0x24
cpu MHz		: 2700.765
cache size	: 3072 KB
physical id	: 0
siblings	: 4
core id		: 1
cpu cores	: 2
apicid		: 2
initial apicid	: 2
fpu		: yes
fpu_exception	: yes
cpuid level	: 13
wp		: yes
flags		: fpu vme de pse tsc msr pae mce cx8 apic sep mtrr pge mca cmov pat pse36 clflush dts acpi mmx fxsr sse sse2 ss ht tm pbe syscall nx pdpe1gb rdtscp lm constant_tsc arch_perfmon pebs bts rep_good nopl xtopology nonstop_tsc cpuid aperfmperf pni pclmulqdq dtes64 monitor ds_cpl vmx smx est tm2 ssse3 sdbg fma cx16 xtpr pdcm pcid sse4_1 sse4_2 x2apic movbe popcnt tsc_deadline_timer aes xsave avx f16c rdrand lahf_lm abm cpuid_fault epb invpcid_single pti ssbd ibrs ibpb stibp tpr_shadow vnmi flexpriority ept vpid fsgsbase tsc_adjust bmi1 avx2 smep bmi2 erms invpcid xsaveopt dtherm ida arat pln pts flush_l1d
bugs		: cpu_meltdown spectre_v1 spectre_v2 spec_store_bypass l1tf
bogomips	: 4988.10
clflush size	: 64
cache_alignment	: 64
address sizes	: 39 bits physical, 48 bits virtual
power management:

processor	: 2
vendor_id	: GenuineIntel
cpu family	: 6
model		: 69
model name	: Intel(R) Core(TM) i5-4300U CPU @ 1.90GHz
stepping	: 1
microcode	: 0x24
cpu MHz		: 2569.942
cache size	: 3072 KB
physical id	: 0
siblings	: 4
core id		: 0
cpu cores	: 2
apicid		: 1
initial apicid	: 1
fpu		: yes
fpu_exception	: yes
cpuid level	: 13
wp		: yes
flags		: fpu vme de pse tsc msr pae mce cx8 apic sep mtrr pge mca cmov pat pse36 clflush dts acpi mmx fxsr sse sse2 ss ht tm pbe syscall nx pdpe1gb rdtscp lm constant_tsc arch_perfmon pebs bts rep_good nopl xtopology nonstop_tsc cpuid aperfmperf pni pclmulqdq dtes64 monitor ds_cpl vmx smx est tm2 ssse3 sdbg fma cx16 xtpr pdcm pcid sse4_1 sse4_2 x2apic movbe popcnt tsc_deadline_timer aes xsave avx f16c rdrand lahf_lm abm cpuid_fault epb invpcid_single pti ssbd ibrs ibpb stibp tpr_shadow vnmi flexpriority ept vpid fsgsbase tsc_adjust bmi1 avx2 smep bmi2 erms invpcid xsaveopt dtherm ida arat pln pts flush_l1d
bugs		: cpu_meltdown spectre_v1 spectre_v2 spec_store_bypass l1tf
bogomips	: 4988.10
clflush size	: 64
cache_alignment	: 64
address sizes	: 39 bits physical, 48 bits virtual
power management:

processor	: 3
vendor_id	: GenuineIntel
cpu family	: 6
model		: 69
model name	: Intel(R) Core(TM) i5-4300U CPU @ 1.90GHz
stepping	: 1
microcode	: 0x24
cpu MHz		: 2570.988
cache size	: 3072 KB
physical id	: 0
siblings	: 4
core id		: 1
cpu cores	: 2
apicid		: 3
initial apicid	: 3
fpu		: yes
fpu_exception	: yes
cpuid level	: 13
wp		: yes
flags		: fpu vme de pse tsc msr pae mce cx8 apic sep mtrr pge mca cmov pat pse36 clflush dts acpi mmx fxsr sse sse2 ss ht tm pbe syscall nx pdpe1gb rdtscp lm constant_tsc arch_perfmon pebs bts rep_good nopl xtopology nonstop_tsc cpuid aperfmperf pni pclmulqdq dtes64 monitor ds_cpl vmx smx est tm2 ssse3 sdbg fma cx16 xtpr pdcm pcid sse4_1 sse4_2 x2apic movbe popcnt tsc_deadline_timer aes xsave avx f16c rdrand lahf_lm abm cpuid_fault epb invpcid_single pti ssbd ibrs ibpb stibp tpr_shadow vnmi flexpriority ept vpid fsgsbase tsc_adjust bmi1 avx2 smep bmi2 erms invpcid xsaveopt dtherm ida arat pln pts flush_l1d
bugs		: cpu_meltdown spectre_v1 spectre_v2 spec_store_bypass l1tf
bogomips	: 4988.10
clflush size	: 64
cache_alignment	: 64
address sizes	: 39 bits physical, 48 bits virtual
power management:



Memory: 4k page, physical 8072144k(621796k free), swap 2097148k(2097148k free)

vm_info: Java HotSpot(TM) 64-Bit Server VM (25.181-b13) for linux-amd64 JRE (1.8.0_181-b13), built on Jul  7 2018 00:56:38 by "java_re" with gcc 4.3.0 20080428 (Red Hat 4.3.0-8)

time: Sat Sep 29 20:55:09 2018
elapsed time: 201 seconds (0d 0h 3m 21s)

